<?xml version="1.0" encoding="UTF-8"?>
<testng-results ignored="0" total="8" passed="7" failed="1" skipped="0">
  <reporter-output>
  </reporter-output>
  <suite started-at="2024-03-21T09:52:45 CDT" name="GITHubSuite" finished-at="2024-03-21T09:52:51 CDT" duration-ms="5961">
    <groups>
    </groups>
    <test started-at="2024-03-21T09:52:45 CDT" name="Test" finished-at="2024-03-21T09:52:51 CDT" duration-ms="5961">
      <class name="api.tests.GitCRUDTests">
        <test-method is-config="true" signature="setup()[pri:0, instance:api.tests.GitCRUDTests@3514a4c0]" started-at="2024-03-21T09:52:45 CDT" name="setup" finished-at="2024-03-21T09:52:45 CDT" duration-ms="516" status="PASS">
          <reporter-output>
          </reporter-output>
        </test-method> <!-- setup -->
        <test-method signature="test_GetAllRepo()[pri:0, instance:api.tests.GitCRUDTests@3514a4c0]" started-at="2024-03-21T09:52:45 CDT" name="test_GetAllRepo" finished-at="2024-03-21T09:52:48 CDT" duration-ms="2367" status="PASS">
          <reporter-output>
          </reporter-output>
        </test-method> <!-- test_GetAllRepo -->
        <test-method signature="test_createRepo()[pri:1, instance:api.tests.GitCRUDTests@3514a4c0]" started-at="2024-03-21T09:52:48 CDT" name="test_createRepo" finished-at="2024-03-21T09:52:49 CDT" duration-ms="1270" status="PASS">
          <reporter-output>
          </reporter-output>
        </test-method> <!-- test_createRepo -->
        <test-method signature="test_singleRepo()[pri:2, instance:api.tests.GitCRUDTests@3514a4c0]" started-at="2024-03-21T09:52:49 CDT" name="test_singleRepo" finished-at="2024-03-21T09:52:49 CDT" duration-ms="283" status="PASS">
          <reporter-output>
          </reporter-output>
        </test-method> <!-- test_singleRepo -->
        <test-method signature="test_createRepowithExistingName()[pri:3, instance:api.tests.GitCRUDTests@3514a4c0]" started-at="2024-03-21T09:52:49 CDT" name="test_createRepowithExistingName" finished-at="2024-03-21T09:52:50 CDT" duration-ms="278" status="PASS">
          <reporter-output>
          </reporter-output>
        </test-method> <!-- test_createRepowithExistingName -->
        <test-method signature="test_DeleteRepoByName()[pri:4, instance:api.tests.GitCRUDTests@3514a4c0]" started-at="2024-03-21T09:52:50 CDT" name="test_DeleteRepoByName" finished-at="2024-03-21T09:52:50 CDT" duration-ms="394" status="PASS">
          <reporter-output>
          </reporter-output>
        </test-method> <!-- test_DeleteRepoByName -->
        <test-method signature="test_DeleteRepoByNonexistingName()[pri:5, instance:api.tests.GitCRUDTests@3514a4c0]" started-at="2024-03-21T09:52:50 CDT" name="test_DeleteRepoByNonexistingName" finished-at="2024-03-21T09:52:50 CDT" duration-ms="238" status="PASS">
          <reporter-output>
          </reporter-output>
        </test-method> <!-- test_DeleteRepoByNonexistingName -->
        <test-method signature="test_singleRepowithNonExistingRepoName()[pri:6, instance:api.tests.GitCRUDTests@3514a4c0]" started-at="2024-03-21T09:52:50 CDT" name="test_singleRepowithNonExistingRepoName" finished-at="2024-03-21T09:52:50 CDT" duration-ms="185" status="PASS">
          <reporter-output>
          </reporter-output>
        </test-method> <!-- test_singleRepowithNonExistingRepoName -->
        <test-method signature="test_UpdateRepoName()[pri:7, instance:api.tests.GitCRUDTests@3514a4c0]" started-at="2024-03-21T09:52:50 CDT" name="test_UpdateRepoName" finished-at="2024-03-21T09:52:51 CDT" depends-on-methods="api.tests.GitCRUDTests.test_createRepo" duration-ms="200" status="FAIL">
          <exception class="java.lang.AssertionError">
            <message>
              <![CDATA[expected:<307> but was:<200>]]>
            </message>
            <full-stacktrace>
              <![CDATA[java.lang.AssertionError: expected:<307> but was:<200>
at org.testng.AssertJUnit.fail(AssertJUnit.java:47)
at org.testng.AssertJUnit.failNotEquals(AssertJUnit.java:330)
at org.testng.AssertJUnit.assertEquals(AssertJUnit.java:66)
at org.testng.AssertJUnit.assertEquals(AssertJUnit.java:213)
at org.testng.AssertJUnit.assertEquals(AssertJUnit.java:218)
at api.tests.GitCRUDTests.test_UpdateRepoName(GitCRUDTests.java:140)
at java.base/jdk.internal.reflect.NativeMethodAccessorImpl.invoke0(Native Method)
at java.base/jdk.internal.reflect.NativeMethodAccessorImpl.invoke(NativeMethodAccessorImpl.java:77)
at java.base/jdk.internal.reflect.DelegatingMethodAccessorImpl.invoke(DelegatingMethodAccessorImpl.java:43)
at java.base/java.lang.reflect.Method.invoke(Method.java:568)
at org.testng.internal.MethodInvocationHelper.invokeMethod(MethodInvocationHelper.java:134)
at org.testng.internal.TestInvoker.invokeMethod(TestInvoker.java:597)
at org.testng.internal.TestInvoker.invokeTestMethod(TestInvoker.java:173)
at org.testng.internal.MethodRunner.runInSequence(MethodRunner.java:46)
at org.testng.internal.TestInvoker$MethodInvocationAgent.invoke(TestInvoker.java:816)
at org.testng.internal.TestInvoker.invokeTestMethods(TestInvoker.java:146)
at org.testng.internal.TestMethodWorker.invokeTestMethods(TestMethodWorker.java:146)
at org.testng.internal.TestMethodWorker.run(TestMethodWorker.java:128)
at java.base/java.util.ArrayList.forEach(ArrayList.java:1511)
at org.testng.TestRunner.privateRun(TestRunner.java:766)
at org.testng.TestRunner.run(TestRunner.java:587)
at org.testng.SuiteRunner.runTest(SuiteRunner.java:384)
at org.testng.SuiteRunner.runSequentially(SuiteRunner.java:378)
at org.testng.SuiteRunner.privateRun(SuiteRunner.java:337)
at org.testng.SuiteRunner.run(SuiteRunner.java:286)
at org.testng.SuiteRunnerWorker.runSuite(SuiteRunnerWorker.java:53)
at org.testng.SuiteRunnerWorker.run(SuiteRunnerWorker.java:96)
at org.testng.TestNG.runSuitesSequentially(TestNG.java:1187)
at org.testng.TestNG.runSuitesLocally(TestNG.java:1109)
at org.testng.TestNG.runSuites(TestNG.java:1039)
at org.testng.TestNG.run(TestNG.java:1007)
at org.testng.remote.AbstractRemoteTestNG.run(AbstractRemoteTestNG.java:115)
at org.testng.remote.RemoteTestNG.initAndRun(RemoteTestNG.java:251)
at org.testng.remote.RemoteTestNG.main(RemoteTestNG.java:77)
]]>
            </full-stacktrace>
          </exception> <!-- java.lang.AssertionError -->
          <reporter-output>
          </reporter-output>
        </test-method> <!-- test_UpdateRepoName -->
      </class> <!-- api.tests.GitCRUDTests -->
    </test> <!-- Test -->
  </suite> <!-- GITHubSuite -->
</testng-results>
